Using pre-set license
Built from '2022.3/staging' branch; Version is '2022.3.17f1 (4fc78088f837) revision 5228416'; Using compiler version '192829333'; Build Type 'Release'
OS: 'Windows 11  (10.0.22631) 64bit CoreSingleLanguage' Language: 'en' Physical Memory: 15789 MB
BatchMode: 1, IsHumanControllingUs: 0, StartBugReporterOnCrash: 0, Is64bit: 1, IsPro: 1

COMMAND LINE ARGUMENTS:
C:\Program Files\Unity\Hub\Editor\2022.3.17f1\Editor\Unity.exe
-adb2
-batchMode
-noUpm
-name
AssetImportWorker2
-projectPath
E:/cofidento
-logFile
Logs/AssetImportWorker2.log
-srvPort
65233
Successfully changed project path to: E:/cofidento
E:/cofidento
[UnityMemory] Configuration Parameters - Can be set up in boot.config
    "memorysetup-bucket-allocator-granularity=16"
    "memorysetup-bucket-allocator-bucket-count=8"
    "memorysetup-bucket-allocator-block-size=33554432"
    "memorysetup-bucket-allocator-block-count=8"
    "memorysetup-main-allocator-block-size=16777216"
    "memorysetup-thread-allocator-block-size=16777216"
    "memorysetup-gfx-main-allocator-block-size=16777216"
    "memorysetup-gfx-thread-allocator-block-size=16777216"
    "memorysetup-cache-allocator-block-size=4194304"
    "memorysetup-typetree-allocator-block-size=2097152"
    "memorysetup-profiler-bucket-allocator-granularity=16"
    "memorysetup-profiler-bucket-allocator-bucket-count=8"
    "memorysetup-profiler-bucket-allocator-block-size=33554432"
    "memorysetup-profiler-bucket-allocator-block-count=8"
    "memorysetup-profiler-allocator-block-size=16777216"
    "memorysetup-profiler-editor-allocator-block-size=1048576"
    "memorysetup-temp-allocator-size-main=16777216"
    "memorysetup-job-temp-allocator-block-size=2097152"
    "memorysetup-job-temp-allocator-block-size-background=1048576"
    "memorysetup-job-temp-allocator-reduction-small-platforms=262144"
    "memorysetup-allocator-temp-initial-block-size-main=262144"
    "memorysetup-allocator-temp-initial-block-size-worker=262144"
    "memorysetup-temp-allocator-size-background-worker=32768"
    "memorysetup-temp-allocator-size-job-worker=262144"
    "memorysetup-temp-allocator-size-preload-manager=33554432"
    "memorysetup-temp-allocator-size-nav-mesh-worker=65536"
    "memorysetup-temp-allocator-size-audio-worker=65536"
    "memorysetup-temp-allocator-size-cloud-worker=32768"
    "memorysetup-temp-allocator-size-gi-baking-worker=262144"
    "memorysetup-temp-allocator-size-gfx=262144"
Player connection [19536] Host "[IP] 192.168.1.5 [Port] 0 [Flags] 2 [Guid] 3653845610 [EditorId] 3653845610 [Version] 1048832 [Id] WindowsEditor(7,LAPTOP-TBCCT1RN) [Debug] 1 [PackageName] WindowsEditor [ProjectName] Editor" joined multi-casting on [225.0.0.222:54997]...

Player connection [19536] Host "[IP] 192.168.1.5 [Port] 0 [Flags] 2 [Guid] 3653845610 [EditorId] 3653845610 [Version] 1048832 [Id] WindowsEditor(7,LAPTOP-TBCCT1RN) [Debug] 1 [PackageName] WindowsEditor [ProjectName] Editor" joined alternative multi-casting on [225.0.0.222:34997]...

[Physics::Module] Initialized MultithreadedJobDispatcher with 11 workers.
Refreshing native plugins compatible for Editor in 45.13 ms, found 10 plugins.
Preloading 1 native plugins for Editor in 2.13 ms.
Initialize engine version: 2022.3.17f1 (4fc78088f837)
[Subsystems] Discovering subsystems at path C:/Program Files/Unity/Hub/Editor/2022.3.17f1/Editor/Data/Resources/UnitySubsystems
[Subsystems] Discovering subsystems at path E:/cofidento/Assets
GfxDevice: creating device client; threaded=0; jobified=0
Direct3D:
    Version:  Direct3D 11.0 [level 11.1]
    Renderer: NVIDIA GeForce GTX 1650 (ID=0x1f9d)
    Vendor:   NVIDIA
    VRAM:     3937 MB
    Driver:   31.0.15.5222
Initialize mono
Mono path[0] = 'C:/Program Files/Unity/Hub/Editor/2022.3.17f1/Editor/Data/Managed'
Mono path[1] = 'C:/Program Files/Unity/Hub/Editor/2022.3.17f1/Editor/Data/MonoBleedingEdge/lib/mono/unityjit-win32'
Mono config path = 'C:/Program Files/Unity/Hub/Editor/2022.3.17f1/Editor/Data/MonoBleedingEdge/etc'
Using monoOptions --debugger-agent=transport=dt_socket,embedding=1,server=y,suspend=n,address=127.0.0.1:56424
Begin MonoManager ReloadAssembly
Registering precompiled unity dll's ...
Register platform support module: C:/Program Files/Unity/Hub/Editor/2022.3.17f1/Editor/Data/PlaybackEngines/WebGLSupport/UnityEditor.WebGL.Extensions.dll
Register platform support module: C:/Program Files/Unity/Hub/Editor/2022.3.17f1/Editor/Data/PlaybackEngines/AndroidPlayer/UnityEditor.Android.Extensions.dll
Register platform support module: C:/Program Files/Unity/Hub/Editor/2022.3.17f1/Editor/Data/PlaybackEngines/iOSSupport/UnityEditor.iOS.Extensions.dll
Register platform support module: C:/Program Files/Unity/Hub/Editor/2022.3.17f1/Editor/Data/PlaybackEngines/WindowsStandaloneSupport/UnityEditor.WindowsStandalone.Extensions.dll
Register platform support module: C:/Program Files/Unity/Hub/Editor/2022.3.17f1/Editor/Data/PlaybackEngines/MetroSupport/UnityEditor.UWP.Extensions.dll
Registered in 0.058365 seconds.
- Loaded All Assemblies, in  1.367 seconds
Native extension for UWP target not found
Native extension for WindowsStandalone target not found
[usbmuxd] Start listen thread
[usbmuxd] Listen thread started
Native extension for iOS target not found
Native extension for Android target not found
Android Extension - Scanning For ADB Devices 1002 ms
Native extension for WebGL target not found
Mono: successfully reloaded assembly
- Finished resetting the current domain, in  1.836 seconds
Domain Reload Profiling: 3193ms
	BeginReloadAssembly (381ms)
		ExecutionOrderSort (0ms)
		DisableScriptedObjects (0ms)
		BackupInstance (0ms)
		ReleaseScriptingObjects (0ms)
		CreateAndSetChildDomain (2ms)
	RebuildCommonClasses (116ms)
	RebuildNativeTypeToScriptingClass (46ms)
	initialDomainReloadingComplete (260ms)
	LoadAllAssembliesAndSetupDomain (554ms)
		LoadAssemblies (373ms)
		RebuildTransferFunctionScriptingTraits (0ms)
		AnalyzeDomain (545ms)
			TypeCache.Refresh (541ms)
				TypeCache.ScanAssembly (502ms)
			ScanForSourceGeneratedMonoScriptInfo (1ms)
			ResolveRequiredComponents (1ms)
	FinalizeReload (1836ms)
		ReleaseScriptCaches (0ms)
		RebuildScriptCaches (0ms)
		SetupLoadedEditorAssemblies (1690ms)
			LogAssemblyErrors (0ms)
			InitializePlatformSupportModulesInManaged (1361ms)
			SetLoadedEditorAssemblies (9ms)
			RefreshPlugins (0ms)
			BeforeProcessingInitializeOnLoad (7ms)
			ProcessInitializeOnLoadAttributes (238ms)
			ProcessInitializeOnLoadMethodAttributes (75ms)
			AfterProcessingInitializeOnLoad (0ms)
			EditorAssembliesLoaded (0ms)
		ExecutionOrderSort2 (0ms)
		AwakeInstancesAfterBackupRestoration (0ms)
========================================================================
Worker process is ready to serve import requests
Begin MonoManager ReloadAssembly
- Loaded All Assemblies, in  2.237 seconds
Refreshing native plugins compatible for Editor in 45.17 ms, found 10 plugins.
Native extension for UWP target not found
Native extension for WindowsStandalone target not found
Native extension for iOS target not found
Native extension for Android target not found
Native extension for WebGL target not found
Package Manager log level set to [2]
[Package Manager] Server::EnsureServerProcessIsRunning -- launch failed, reason: Unity was launched with the -noUpm command-line argument
[Package Manager] UpmClient::Send -- Unable to send message (not connected to UPM process).
[Package Manager] Cannot connect to Unity Package Manager local server
[Package Manager] Server::EnsureServerProcessIsRunning -- launch failed, reason: Unity was launched with the -noUpm command-line argument
[Package Manager] UpmClient::Send -- Unable to send message (not connected to UPM process).
[Package Manager] Cannot connect to Unity Package Manager local server
Mono: successfully reloaded assembly
[Package Manager] Server::EnsureServerProcessIsRunning -- launch failed, reason: Unity was launched with the -noUpm command-line argument
[Package Manager] UpmClient::Send -- Unable to send message (not connected to UPM process).
[Package Manager] Cannot connect to Unity Package Manager local server
[Package Manager] Server::EnsureServerProcessIsRunning -- launch failed, reason: Unity was launched with the -noUpm command-line argument
[Package Manager] UpmClient::Send -- Unable to send message (not connected to UPM process).
[Package Manager] Cannot connect to Unity Package Manager local server
- Finished resetting the current domain, in  5.487 seconds
Domain Reload Profiling: 7720ms
	BeginReloadAssembly (357ms)
		ExecutionOrderSort (0ms)
		DisableScriptedObjects (11ms)
		BackupInstance (0ms)
		ReleaseScriptingObjects (0ms)
		CreateAndSetChildDomain (35ms)
	RebuildCommonClasses (160ms)
	RebuildNativeTypeToScriptingClass (34ms)
	initialDomainReloadingComplete (100ms)
	LoadAllAssembliesAndSetupDomain (1581ms)
		LoadAssemblies (950ms)
		RebuildTransferFunctionScriptingTraits (0ms)
		AnalyzeDomain (869ms)
			TypeCache.Refresh (567ms)
				TypeCache.ScanAssembly (502ms)
			ScanForSourceGeneratedMonoScriptInfo (232ms)
			ResolveRequiredComponents (62ms)
	FinalizeReload (5488ms)
		ReleaseScriptCaches (0ms)
		RebuildScriptCaches (0ms)
		SetupLoadedEditorAssemblies (4575ms)
			LogAssemblyErrors (0ms)
			InitializePlatformSupportModulesInManaged (190ms)
			SetLoadedEditorAssemblies (32ms)
			RefreshPlugins (0ms)
			BeforeProcessingInitializeOnLoad (698ms)
			ProcessInitializeOnLoadAttributes (3368ms)
			ProcessInitializeOnLoadMethodAttributes (255ms)
			AfterProcessingInitializeOnLoad (33ms)
			EditorAssembliesLoaded (1ms)
		ExecutionOrderSort2 (0ms)
		AwakeInstancesAfterBackupRestoration (18ms)
Launched and connected shader compiler UnityShaderCompiler.exe after 0.15 seconds
Refreshing native plugins compatible for Editor in 47.48 ms, found 10 plugins.
Preloading 1 native plugins for Editor in 0.07 ms.
Unloading 6810 Unused Serialized files (Serialized files now loaded: 0)
Unloading 147 unused Assets / (2.6 MB). Loaded Objects now: 7258.
Memory consumption went from 258.3 MB to 255.6 MB.
Total: 13.221700 ms (FindLiveObjects: 0.839300 ms CreateObjectMapping: 0.472500 ms MarkObjects: 9.622000 ms  DeleteObjects: 2.285800 ms)

AssetImportParameters requested are different than current active one (requested -> active):
  custom:container-demuxer-ogg: 62fdf1f143b41e24485cea50d1cbac27 -> 
  custom:framework-win-MediaFoundation: 216162199b28c13a410421893ffa2e32 -> 
  custom:container-muxer-webm: aa71ff27fc2769a1b78a27578f13a17b -> 
  custom:video-decoder-webm-vp8: 9c59270c3fd7afecdb556c50c9e8de78 -> 
  custom:SearchIndexIgnoredProperties: e643bd26f0fe6173181afceb89e7c659 -> 
  custom:AudioImporter_EditorPlatform: d09bf68614088b80899f8185d706f6e7 -> 
  custom:audio-decoder-ogg-vorbis: bf7c407c2cedff20999df2af8eb42d56 -> 
  custom:audio-encoder-webm-vorbis: bf7c407c2cedff20999df2af8eb42d56 -> 
  custom:video-codec-MediaFoundation-h265: 746d11721c4dcdbdad8f713fa42b33f4 -> 
  custom:video-decoder-ogg-theora: a1e56fd34408186e4bbccfd4996cb3dc -> 
  custom:CustomObjectIndexerAttribute: 62b5816608c3102f162a1797e29626cf -> 
  custom:container-demuxer-webm: 4f35f7cbe854078d1ac9338744f61a02 -> 
  custom:video-encoder-webm-vp8: eb34c28f22e8b96e1ab97ce403110664 -> 
========================================================================
Received Import Request.
  Time since last request: 74006.134593 seconds.
  path: Assets/BIN/color.mat
  artifactKey: Guid(2355b1b42c49e3c41b62327d34f25a4a) Importer(815301076,1909f56bfc062723c751e8b465ee728b)
Start importing Assets/BIN/color.mat using Guid(2355b1b42c49e3c41b62327d34f25a4a) Importer(815301076,1909f56bfc062723c751e8b465ee728b)  -> (artifact id: '444a7fa48da8e5ee0688fc6a6e794dc7') in 0.700709 seconds
Number of updated asset objects reloaded before import = 0
Number of asset objects unloaded after import = 2
========================================================================
Received Import Request.
  Time since last request: 3068.279434 seconds.
  path: Assets/BIN/Test.asset
  artifactKey: Guid(2405c5b50195f66468abfd396ce612d8) Importer(815301076,1909f56bfc062723c751e8b465ee728b)
Start importing Assets/BIN/Test.asset using Guid(2405c5b50195f66468abfd396ce612d8) Importer(815301076,1909f56bfc062723c751e8b465ee728b)  -> (artifact id: '713b69086eff89df910dc5d89ca6647b') in 0.063518 seconds
Number of updated asset objects reloaded before import = 0
Number of asset objects unloaded after import = 1
========================================================================
Received Import Request.
  Time since last request: 0.623894 seconds.
  path: Assets/BIN/Test.asset
  artifactKey: Guid(2405c5b50195f66468abfd396ce612d8) Importer(815301076,1909f56bfc062723c751e8b465ee728b)
Start importing Assets/BIN/Test.asset using Guid(2405c5b50195f66468abfd396ce612d8) Importer(815301076,1909f56bfc062723c751e8b465ee728b)  -> (artifact id: '631762bb0035394bb15eed7adb078b56') in 0.002914 seconds
Number of updated asset objects reloaded before import = 0
Number of asset objects unloaded after import = 1
========================================================================
Received Import Request.
  Time since last request: 0.945542 seconds.
  path: Assets/BIN/Test.asset
  artifactKey: Guid(2405c5b50195f66468abfd396ce612d8) Importer(815301076,1909f56bfc062723c751e8b465ee728b)
Start importing Assets/BIN/Test.asset using Guid(2405c5b50195f66468abfd396ce612d8) Importer(815301076,1909f56bfc062723c751e8b465ee728b)  -> (artifact id: '4eb9b6648a658b1cbcc2c72e5b0e92a1') in 0.001791 seconds
Number of updated asset objects reloaded before import = 0
Number of asset objects unloaded after import = 1
========================================================================
Received Import Request.
  Time since last request: 0.493998 seconds.
  path: Assets/BIN/Test.asset
  artifactKey: Guid(2405c5b50195f66468abfd396ce612d8) Importer(815301076,1909f56bfc062723c751e8b465ee728b)
Start importing Assets/BIN/Test.asset using Guid(2405c5b50195f66468abfd396ce612d8) Importer(815301076,1909f56bfc062723c751e8b465ee728b)  -> (artifact id: '12698d9c6730208318cd0851915c3bf3') in 0.001803 seconds
Number of updated asset objects reloaded before import = 0
Number of asset objects unloaded after import = 1
========================================================================
Received Import Request.
  Time since last request: 0.506434 seconds.
  path: Assets/BIN/Test.asset
  artifactKey: Guid(2405c5b50195f66468abfd396ce612d8) Importer(815301076,1909f56bfc062723c751e8b465ee728b)
Start importing Assets/BIN/Test.asset using Guid(2405c5b50195f66468abfd396ce612d8) Importer(815301076,1909f56bfc062723c751e8b465ee728b)  -> (artifact id: '43eee53af732a78deb6b2dcdb54c2e05') in 0.003255 seconds
Number of updated asset objects reloaded before import = 0
Number of asset objects unloaded after import = 1
========================================================================
Received Import Request.
  Time since last request: 0.586474 seconds.
  path: Assets/BIN/Test.asset
  artifactKey: Guid(2405c5b50195f66468abfd396ce612d8) Importer(815301076,1909f56bfc062723c751e8b465ee728b)
Start importing Assets/BIN/Test.asset using Guid(2405c5b50195f66468abfd396ce612d8) Importer(815301076,1909f56bfc062723c751e8b465ee728b)  -> (artifact id: 'cf7d3512918f26ba7769d84baccc9dac') in 0.001461 seconds
Number of updated asset objects reloaded before import = 0
Number of asset objects unloaded after import = 1
========================================================================
Received Import Request.
  Time since last request: 1.034959 seconds.
  path: Assets/BIN/Test.asset
  artifactKey: Guid(2405c5b50195f66468abfd396ce612d8) Importer(815301076,1909f56bfc062723c751e8b465ee728b)
Start importing Assets/BIN/Test.asset using Guid(2405c5b50195f66468abfd396ce612d8) Importer(815301076,1909f56bfc062723c751e8b465ee728b)  -> (artifact id: 'f2036779e0df6e71ab8f3dc08cb21ca1') in 0.008888 seconds
Number of updated asset objects reloaded before import = 0
Number of asset objects unloaded after import = 2
========================================================================
Received Import Request.
  Time since last request: 3.001646 seconds.
  path: Assets/BIN/newwit.asset
  artifactKey: Guid(b4eb162a442d7bb4ea22b6f6e08cd0e6) Importer(815301076,1909f56bfc062723c751e8b465ee728b)
Start importing Assets/BIN/newwit.asset using Guid(b4eb162a442d7bb4ea22b6f6e08cd0e6) Importer(815301076,1909f56bfc062723c751e8b465ee728b)  -> (artifact id: '697fc8c49a9e03e5ff56413b15db4c0d') in 0.003820 seconds
Number of updated asset objects reloaded before import = 0
Number of asset objects unloaded after import = 2
========================================================================
Received Import Request.
  Time since last request: 0.425936 seconds.
  path: Assets/BIN/newwit.asset
  artifactKey: Guid(b4eb162a442d7bb4ea22b6f6e08cd0e6) Importer(815301076,1909f56bfc062723c751e8b465ee728b)
Start importing Assets/BIN/newwit.asset using Guid(b4eb162a442d7bb4ea22b6f6e08cd0e6) Importer(815301076,1909f56bfc062723c751e8b465ee728b)  -> (artifact id: '747327548b4eadfdd0b0c05d45b59bfd') in 0.002626 seconds
Number of updated asset objects reloaded before import = 0
Number of asset objects unloaded after import = 2
========================================================================
Received Import Request.
  Time since last request: 0.917496 seconds.
  path: Assets/BIN/newwit.asset
  artifactKey: Guid(b4eb162a442d7bb4ea22b6f6e08cd0e6) Importer(815301076,1909f56bfc062723c751e8b465ee728b)
Start importing Assets/BIN/newwit.asset using Guid(b4eb162a442d7bb4ea22b6f6e08cd0e6) Importer(815301076,1909f56bfc062723c751e8b465ee728b)  -> (artifact id: '568c0cd101666c99e96cf75174924660') in 0.002192 seconds
Number of updated asset objects reloaded before import = 0
Number of asset objects unloaded after import = 2
========================================================================
Received Import Request.
  Time since last request: 0.612595 seconds.
  path: Assets/BIN/newwit.asset
  artifactKey: Guid(b4eb162a442d7bb4ea22b6f6e08cd0e6) Importer(815301076,1909f56bfc062723c751e8b465ee728b)
Start importing Assets/BIN/newwit.asset using Guid(b4eb162a442d7bb4ea22b6f6e08cd0e6) Importer(815301076,1909f56bfc062723c751e8b465ee728b)  -> (artifact id: 'b47d376631fad3faa4cbde22b123889c') in 0.002633 seconds
Number of updated asset objects reloaded before import = 0
Number of asset objects unloaded after import = 2
========================================================================
Received Import Request.
  Time since last request: 0.459760 seconds.
  path: Assets/BIN/newwit.asset
  artifactKey: Guid(b4eb162a442d7bb4ea22b6f6e08cd0e6) Importer(815301076,1909f56bfc062723c751e8b465ee728b)
Start importing Assets/BIN/newwit.asset using Guid(b4eb162a442d7bb4ea22b6f6e08cd0e6) Importer(815301076,1909f56bfc062723c751e8b465ee728b)  -> (artifact id: 'b42cd3807700abc98c24df62b951fc82') in 0.001723 seconds
Number of updated asset objects reloaded before import = 0
Number of asset objects unloaded after import = 2
========================================================================
Received Import Request.
  Time since last request: 0.598290 seconds.
  path: Assets/BIN/newwit.asset
  artifactKey: Guid(b4eb162a442d7bb4ea22b6f6e08cd0e6) Importer(815301076,1909f56bfc062723c751e8b465ee728b)
Start importing Assets/BIN/newwit.asset using Guid(b4eb162a442d7bb4ea22b6f6e08cd0e6) Importer(815301076,1909f56bfc062723c751e8b465ee728b)  -> (artifact id: '50caa77db0437cf86576fe8ab824ad9f') in 0.001976 seconds
Number of updated asset objects reloaded before import = 0
Number of asset objects unloaded after import = 2
========================================================================
Received Import Request.
  Time since last request: 1.055769 seconds.
  path: Assets/BIN/newwit.asset
  artifactKey: Guid(b4eb162a442d7bb4ea22b6f6e08cd0e6) Importer(815301076,1909f56bfc062723c751e8b465ee728b)
Start importing Assets/BIN/newwit.asset using Guid(b4eb162a442d7bb4ea22b6f6e08cd0e6) Importer(815301076,1909f56bfc062723c751e8b465ee728b)  -> (artifact id: '02db85f934bf5961d9b0550a77c8ca24') in 0.007515 seconds
Number of updated asset objects reloaded before import = 0
Number of asset objects unloaded after import = 2
